<?xml version="1.0" encoding="utf-8"?>
<TestRun id="83fb1e82-c98d-4113-aebf-809faacb9cb6" name="Globalti@GTIEXT03 2020-02-28 17:34:18" runUser="GTIEXT03\Globalti" xmlns="http://microsoft.com/schemas/VisualStudio/TeamTest/2010">
  <Times creation="2020-02-28T17:34:18.9557669-03:00" queuing="2020-02-28T17:34:18.9557669-03:00" start="2020-02-28T17:34:03.1502894-03:00" finish="2020-02-28T17:34:18.9767664-03:00" />
  <TestSettings name="default" id="70956071-7d47-4106-9a37-3c475db1fa0d">
    <Deployment runDeploymentRoot="Globalti_GTIEXT03_2020-02-28_17_34_18" />
  </TestSettings>
  <Results>
    <UnitTestResult executionId="a83f9c22-f505-4640-8046-5a3198199910" testId="bae49738-59cb-0e9c-25e9-8a5c5c832988" testName="RealizarLogin" computerName="GTIEXT03" duration="00:00:14.8650000" startTime="2020-02-28T17:34:03.0000000-03:00" endTime="2020-02-28T17:34:18.0000000-03:00" testType="13cdc9d9-ddb5-4fa4-a97d-d965ccfc6d4b" outcome="Passed" testListId="8c84fa94-04c1-424b-9868-57a2d4851a1d" relativeResultsDirectory="a83f9c22-f505-4640-8046-5a3198199910">
      <Output>
        <StdOut>Dado que o usuario tenha acessado a pagina inicial&#xD;
-&gt; done: RealizarLoginSteps.DadoQueOUsuarioTenhaAcessadoAPaginaInicial() (11,2s)&#xD;
E tenha clicado no botão Entrar&#xD;
-&gt; done: RealizarLoginSteps.DadoClicadoNoBotaoEntrar() (0,3s)&#xD;
Quando o mesmo inserir os dados necessarios corretamente&#xD;
-&gt; done: RealizarLoginSteps.QuandoOMesmoInserirOsDadosNecessariosCorretamente() (2,3s)&#xD;
E clicar no botão Entrar&#xD;
-&gt; done: RealizarLoginSteps.QuandoClicarNoBotaoEntrar() (0,5s)&#xD;
Então o login terá sido realizado com sucesso&#xD;
Processo realizado!&#xD;
-&gt; done: RealizarLoginSteps.EntaoOLoginTeraSidoRealizadoComSucesso() (0,5s)</StdOut>
      </Output>
    </UnitTestResult>
  </Results>
  <TestDefinitions>
    <UnitTest name="RealizarLogin" storage="c:\users\globalti\pictures\automacao\roboteste_ilibrarysystem\roboteste_ilibrarysystem\bin\debug\roboteste_ilibrarysystem.exe" id="bae49738-59cb-0e9c-25e9-8a5c5c832988">
      <Execution id="a83f9c22-f505-4640-8046-5a3198199910" />
      <TestMethod codeBase="C:\Users\Globalti\Pictures\Automacao\ROBOTESTE_ILibrarySystem\ROBOTESTE_ILibrarySystem\bin\Debug\ROBOTESTE_ILibrarySystem.exe" adapterTypeName="executor://nunit3testexecutor/" className="ROBOTESTE_ILibrarySystem.Processar.FeatureFiles.RealizarLoginFeature" name="RealizarLogin" />
    </UnitTest>
  </TestDefinitions>
  <TestEntries>
    <TestEntry testId="bae49738-59cb-0e9c-25e9-8a5c5c832988" executionId="a83f9c22-f505-4640-8046-5a3198199910" testListId="8c84fa94-04c1-424b-9868-57a2d4851a1d" />
  </TestEntries>
  <TestLists>
    <TestList name="Resultados que não estão em uma lista" id="8c84fa94-04c1-424b-9868-57a2d4851a1d" />
    <TestList name="Todos os resultados carregados" id="19431567-8539-422a-85d7-44ee4e166bda" />
  </TestLists>
  <ResultSummary outcome="Completed">
    <Counters total="1" executed="1" passed="1" failed="0" error="0" timeout="0" aborted="0" inconclusive="0" passedButRunAborted="0" notRunnable="0" notExecuted="0" disconnected="0" warning="0" completed="0" inProgress="0" pending="0" />
    <Output>
      <StdOut>NUnit Adapter 3.15.1.0: Test execution started&#xD;
Running all tests in C:\Users\Globalti\Pictures\Automacao\ROBOTESTE_ILibrarySystem\ROBOTESTE_ILibrarySystem\bin\Debug\ROBOTESTE_ILibrarySystem.exe&#xD;
   NUnit3TestExecutor converted 1 of 1 NUnit test cases&#xD;
NUnit Adapter 3.15.1.0: Test execution complete&#xD;
</StdOut>
    </Output>
  </ResultSummary>
</TestRun>